
Showing logs for build [32mmajuansari-go-demo-6-master-rel-mfr7p-3[0m stage [32mfrom-build-pack[0m and container [32mstep-credential-initializer-77jk8[0m
{"level":"info","ts":1587543976.408518,"logger":"fallback-logger","caller":"logging/config.go:69","msg":"Fetch GitHub commit ID from kodata failed: open /var/run/ko/refs/heads/0.8.0-ns-support: no such file or directory"}
{"level":"info","ts":1587543976.4087696,"logger":"fallback-logger","caller":"creds-init/main.go:40","msg":"Credentials initialized."}

Showing logs for build [32mmajuansari-go-demo-6-master-rel-mfr7p-3[0m stage [32mfrom-build-pack[0m and container [32mstep-working-dir-initializer-4p6sj[0m
{"level":"info","ts":1587543977.4719415,"logger":"fallback-logger","caller":"logging/config.go:69","msg":"Fetch GitHub commit ID from kodata failed: open /var/run/ko/HEAD: no such file or directory"}
{"level":"info","ts":1587543977.4742718,"logger":"fallback-logger","caller":"bash/main.go:64","msg":"Successfully executed command \"sh -c mkdir -p /workspace/source\"; output "}

Showing logs for build [32mmajuansari-go-demo-6-master-rel-mfr7p-3[0m stage [32mfrom-build-pack[0m and container [32mstep-place-tools[0m

Showing logs for build [32mmajuansari-go-demo-6-master-rel-mfr7p-3[0m stage [32mfrom-build-pack[0m and container [32mstep-git-source-majuansari-go-demo-6-master-rel-mfr7p-76r5b[0m
{"level":"info","ts":1587543984.5781212,"logger":"fallback-logger","caller":"logging/config.go:69","msg":"Fetch GitHub commit ID from kodata failed: open /var/run/ko/refs/heads/0.8.0-ns-support: no such file or directory"}
{"level":"info","ts":1587543986.7492766,"logger":"fallback-logger","caller":"git/git.go:103","msg":"Successfully cloned https://github.com/**********/go-demo-6.git @ v2.0.9 in path /workspace/source"}

Showing logs for build [32mmajuansari-go-demo-6-master-rel-mfr7p-3[0m stage [32mfrom-build-pack[0m and container [32mstep-git-merge[0m
Using SHAs from PULL_REFS=master:d1ece4953b6713f9105b92d2b36055e66b076e99
WARNING: no SHAs to merge, falling back to initial cloned commit

Showing logs for build [32mmajuansari-go-demo-6-master-rel-mfr7p-3[0m stage [32mfrom-build-pack[0m and container [32mstep-setup-jx-git-credentials[0m
Generated Git credentials file /workspace/xdg_config/git/credentials

Showing logs for build [32mmajuansari-go-demo-6-master-rel-mfr7p-3[0m stage [32mfrom-build-pack[0m and container [32mstep-build-make-build[0m
go: finding github.com/stretchr/testify v1.2.2
go: finding github.com/pmezard/go-difflib v1.0.0
go: finding github.com/beorn7/perks v0.0.0-20180321164747-3a771d992973
go: finding github.com/prometheus/procfs v0.0.0-20181204211112-1dc9a6cbc91a
go: finding github.com/golang/protobuf v1.2.0
go: finding github.com/davecgh/go-spew v1.1.1
go: finding github.com/stretchr/ob** v0.1.1
go: finding github.com/prometheus/client_model v0.0.0-20180712105110-5c3871d89910
go: finding github.com/matttproud/golang_protobuf_extensions v1.0.1
go: finding gopkg.in/mgo.v2 v2.0.0-20180705113604-9856a29383ce
go: finding github.com/prometheus/client_golang v0.9.2
go: finding github.com/prometheus/common v0.0.0-20181126121408-4724e9255275
go: finding golang.org/x/sync v0.0.0-20181108010431-42b317875d0f
go: finding golang.org/x/net v0.0.0-20181201002055-351d144fa1fc
go: downloading github.com/prometheus/client_golang v0.9.2
go: downloading gopkg.in/mgo.v2 v2.0.0-20180705113604-9856a29383ce
go: extracting github.com/prometheus/client_golang v0.9.2
go: downloading github.com/prometheus/common v0.0.0-20181126121408-4724e9255275
go: downloading github.com/beorn7/perks v0.0.0-20180321164747-3a771d992973
go: downloading github.com/prometheus/procfs v0.0.0-20181204211112-1dc9a6cbc91a
go: downloading github.com/prometheus/client_model v0.0.0-20180712105110-5c3871d89910
go: downloading github.com/golang/protobuf v1.2.0
go: extracting github.com/prometheus/procfs v0.0.0-20181204211112-1dc9a6cbc91a
go: extracting github.com/prometheus/client_model v0.0.0-20180712105110-5c3871d89910
go: extracting github.com/beorn7/perks v0.0.0-20180321164747-3a771d992973
go: extracting gopkg.in/mgo.v2 v2.0.0-20180705113604-9856a29383ce
go: extracting github.com/prometheus/common v0.0.0-20181126121408-4724e9255275
go: downloading github.com/matttproud/golang_protobuf_extensions v1.0.1
go: extracting github.com/matttproud/golang_protobuf_extensions v1.0.1
go: extracting github.com/golang/protobuf v1.2.0
CGO_ENABLED=0 GO15VENDOREXPERIMENT=1 go build -ldflags '' -o bin/go-demo-6 main.go

Showing logs for build [32mmajuansari-go-demo-6-master-rel-mfr7p-3[0m stage [32mfrom-build-pack[0m and container [32mstep-build-container-build[0m
error checking push permissions -- make sure you entered the correct tag name, and that you are authenticated correctly, and try again: checking push permission for "majutest.azurecr.io/**********/go-demo-6:2.0.9": resolving authorization for majutest.azurecr.io failed: error getting credentials - err: exec: "docker-credential-acr-linux": executable file not found in $PATH, out: ``
[31m
Pipeline failed on stage 'from-build-pack' : container 'step-build-container-build'. The execution of the pipeline has stopped.[0m
