
Showing logs for build [32mmajuansari-go-demo-6-master-74g4s-7[0m stage [32mfrom-build-pack[0m and container [32mstep-credential-initializer-w42br[0m
{"level":"info","ts":1587577686.4487367,"logger":"fallback-logger","caller":"logging/config.go:69","msg":"Fetch GitHub commit ID from kodata failed: open /var/run/ko/refs/heads/0.8.0-ns-support: no such file or directory"}
{"level":"info","ts":1587577686.4494727,"logger":"fallback-logger","caller":"creds-init/main.go:40","msg":"Credentials initialized."}

Showing logs for build [32mmajuansari-go-demo-6-master-74g4s-7[0m stage [32mfrom-build-pack[0m and container [32mstep-working-dir-initializer-xqqrd[0m
{"level":"info","ts":1587577687.6262753,"logger":"fallback-logger","caller":"logging/config.go:69","msg":"Fetch GitHub commit ID from kodata failed: open /var/run/ko/HEAD: no such file or directory"}
{"level":"info","ts":1587577687.6277983,"logger":"fallback-logger","caller":"bash/main.go:64","msg":"Successfully executed command \"sh -c mkdir -p /workspace/source\"; output "}

Showing logs for build [32mmajuansari-go-demo-6-master-74g4s-7[0m stage [32mfrom-build-pack[0m and container [32mstep-place-tools[0m

Showing logs for build [32mmajuansari-go-demo-6-master-74g4s-7[0m stage [32mfrom-build-pack[0m and container [32mstep-git-source-majuansari-go-demo-6-master-74g4s-g9g62[0m
{"level":"info","ts":1587577695.702261,"logger":"fallback-logger","caller":"logging/config.go:69","msg":"Fetch GitHub commit ID from kodata failed: open /var/run/ko/refs/heads/0.8.0-ns-support: no such file or directory"}
{"level":"info","ts":1587577696.1329446,"logger":"fallback-logger","caller":"git/git.go:103","msg":"Successfully cloned https://github.com/**********/go-demo-6.git @ v2.0.30 in path /workspace/source"}

Showing logs for build [32mmajuansari-go-demo-6-master-74g4s-7[0m stage [32mfrom-build-pack[0m and container [32mstep-git-merge[0m
Using SHAs from PULL_REFS=master:8263e482db4187496545efb28787006de74cfa03
WARNING: no SHAs to merge, falling back to initial cloned commit

Showing logs for build [32mmajuansari-go-demo-6-master-74g4s-7[0m stage [32mfrom-build-pack[0m and container [32mstep-setup-jx-git-credentials[0m
Generated Git credentials file /workspace/xdg_config/git/credentials

Showing logs for build [32mmajuansari-go-demo-6-master-74g4s-7[0m stage [32mfrom-build-pack[0m and container [32mstep-build-make-build[0m
go: finding github.com/prometheus/common v0.0.0-20181126121408-4724e9255275
go: finding github.com/prometheus/client_model v0.0.0-20180712105110-5c3871d89910
go: finding github.com/stretchr/testify v1.2.2
go: finding github.com/stretchr/ob** v0.1.1
go: finding github.com/pmezard/go-difflib v1.0.0
go: finding github.com/prometheus/procfs v0.0.0-20181204211112-1dc9a6cbc91a
go: finding github.com/matttproud/golang_protobuf_extensions v1.0.1
go: finding github.com/prometheus/client_golang v0.9.2
go: finding github.com/beorn7/perks v0.0.0-20180321164747-3a771d992973
go: finding gopkg.in/mgo.v2 v2.0.0-20180705113604-9856a29383ce
go: finding github.com/golang/protobuf v1.2.0
go: finding github.com/davecgh/go-spew v1.1.1
go: finding golang.org/x/sync v0.0.0-20181108010431-42b317875d0f
go: finding golang.org/x/net v0.0.0-20181201002055-351d144fa1fc
go: downloading gopkg.in/mgo.v2 v2.0.0-20180705113604-9856a29383ce
go: downloading github.com/prometheus/client_golang v0.9.2
go: extracting github.com/prometheus/client_golang v0.9.2
go: downloading github.com/prometheus/common v0.0.0-20181126121408-4724e9255275
go: downloading github.com/beorn7/perks v0.0.0-20180321164747-3a771d992973
go: downloading github.com/prometheus/procfs v0.0.0-20181204211112-1dc9a6cbc91a
go: downloading github.com/prometheus/client_model v0.0.0-20180712105110-5c3871d89910
go: downloading github.com/golang/protobuf v1.2.0
go: extracting github.com/beorn7/perks v0.0.0-20180321164747-3a771d992973
go: extracting github.com/prometheus/client_model v0.0.0-20180712105110-5c3871d89910
go: extracting gopkg.in/mgo.v2 v2.0.0-20180705113604-9856a29383ce
go: extracting github.com/prometheus/procfs v0.0.0-20181204211112-1dc9a6cbc91a
go: extracting github.com/prometheus/common v0.0.0-20181126121408-4724e9255275
go: downloading github.com/matttproud/golang_protobuf_extensions v1.0.1
go: extracting github.com/matttproud/golang_protobuf_extensions v1.0.1
go: extracting github.com/golang/protobuf v1.2.0
CGO_ENABLED=0 GO15VENDOREXPERIMENT=1 go build -ldflags '' -o bin/go-demo-6 main.go

Showing logs for build [32mmajuansari-go-demo-6-master-74g4s-7[0m stage [32mfrom-build-pack[0m and container [32mstep-build-container-build[0m
[36mINFO[0m[0001] Resolved base name scratch to scratch        
[36mINFO[0m[0001] Using dockerignore file: /workspace/source/.dockerignore 
[36mINFO[0m[0001] Resolved base name scratch to scratch        
[36mINFO[0m[0001] Built cross stage deps: map[]                
[36mINFO[0m[0001] No base image, nothing to extract            
[36mINFO[0m[0001] cmd: EXPOSE                                  
[36mINFO[0m[0001] Adding exposed port: 8080/tcp                
[36mINFO[0m[0001] Checking for cached layer majutest.azurecr.io/majutest/cache:c791d7f3034f77cc32062557087696bd8159581b0f93552196a1d44b170cc4eb... 
[36mINFO[0m[0001] Using caching version of cmd: COPY ./bin/ /  
[36mINFO[0m[0001] Skipping unpacking as no commands require it. 
[36mINFO[0m[0001] Taking snapshot of full filesystem...        
[36mINFO[0m[0002] Resolving paths                              
[36mINFO[0m[0002] EXPOSE 8080                                  
[36mINFO[0m[0002] cmd: EXPOSE                                  
[36mINFO[0m[0002] Adding exposed port: 8080/tcp                
[36mINFO[0m[0002] No files changed in this command, skipping snapshotting. 
[36mINFO[0m[0002] ENTRYPOINT ["/go-demo-6"]                    
[36mINFO[0m[0002] No files changed in this command, skipping snapshotting. 
[36mINFO[0m[0002] COPY ./bin/ /                                
[36mINFO[0m[0002] Found cached layer, extracting to filesystem 

Showing logs for build [32mmajuansari-go-demo-6-master-74g4s-7[0m stage [32mfrom-build-pack[0m and container [32mstep-build-post-build[0m
no CVE provider running in the current ** namespace so skip adding image to be analysed

Showing logs for build [32mmajuansari-go-demo-6-master-74g4s-7[0m stage [32mfrom-build-pack[0m and container [32mstep-promote-changelog[0m
Converted /workspace/source/charts/go-demo-6 to an unshallow repository
Generating change log from git ref ae679e3df0cad17f454b672f6ba1bd2128858af1 => 631408a87acef1e28b2536da5bbce40d07578bbf
WARNING: No release found for **********/go-demo-6 and tag v2.0.30 so creating a new release
Updated the release information at https://github.com/**********/go-demo-6/releases/tag/v2.0.30
generated: /workspace/source/charts/go-demo-6/templates/release.yaml
Created Release go-demo-6-2-0-30 resource in namespace **
Updating PipelineActivity **********-go-demo-6-master-7 with version 2.0.30
Updated PipelineActivities **********-go-demo-6-master-7 with release notes URL: https://github.com/**********/go-demo-6/releases/tag/v2.0.30

Showing logs for build [32mmajuansari-go-demo-6-master-74g4s-7[0m stage [32mfrom-build-pack[0m and container [32mstep-promote-helm-release[0m
WARNING: No $CHART_REPOSITORY defined so using the default value of: http://jenkins-x-chartmuseum:8080
Adding missing Helm repo: storage.googleapis.com https://storage.googleapis.com/chartmuseum.jenkins-x.io
Successfully added Helm repository storage.googleapis.com.
Adding missing Helm repo: jenkins-x-chartmuseum http://jenkins-x-chartmuseum:8080
Successfully added Helm repository jenkins-x-chartmuseum.
WARNING: No $CHART_REPOSITORY defined so using the default value of: http://jenkins-x-chartmuseum:8080
WARNING: No $CHART_REPOSITORY defined so using the default value of: http://jenkins-x-chartmuseum:8080
Uploading chart file go-demo-6-2.0.30.tgz to http://jenkins-x-chartmuseum:8080/api/charts
Received 201 response: {"saved":true}

Showing logs for build [32mmajuansari-go-demo-6-master-74g4s-7[0m stage [32mfrom-build-pack[0m and container [32mstep-promote-jx-promote[0m
WARNING: prow based install so skip waiting for the merge of Pull Requests to go green as currently there is an issue with gettingstatuses from the PR, see https://github.com/jenkins-x/**/issues/2410
WARNING: No $CHART_REPOSITORY defined so using the default value of: http://jenkins-x-chartmuseum:8080
Promoting app go-demo-6 version 2.0.30 to namespace **-staging
WARNING: 
Created Pull Request: https://github.com/**********/environment-**-aks-staging/pull/25
Added label updatebot to Pull Request https://github.com/**********/environment-**-aks-staging/pull/25
got git provider status pending from PR https://github.com/**********/environment-**-aks-staging/pull/25
got git provider status pending from PR https://github.com/**********/environment-**-aks-staging/pull/25
got git provider status pending from PR https://github.com/**********/environment-**-aks-staging/pull/25
error: Pull request https://github.com/**********/environment-**-aks-staging/pull/25 last commit has status failure for ref d83633e30525bb5793de2b41bbdb9c3fc3f5dbb7
[31m
Pipeline failed on stage 'from-build-pack' : container 'step-promote-jx-promote'. The execution of the pipeline has stopped.[0m
